#
# A fatal error has been detected by the Java Runtime Environment:
#
#  SIGSEGV (0xb) at pc=0x00007fd3b898ba50, pid=3956, tid=140547319355136
#
# JRE version: OpenJDK Runtime Environment (7.0_65-b32) (build 1.7.0_65-b32)
# Java VM: OpenJDK 64-Bit Server VM (24.65-b04 mixed mode linux-amd64 compressed oops)
# Problematic frame:
# C  [libc.so.6+0xa0a50]
#
# Failed to write core dump. Core dumps have been disabled. To enable core dumping, try "ulimit -c unlimited" before starting Java again
#
# If you would like to submit a bug report, please include
# instructions on how to reproduce the bug and visit:
#   http://icedtea.classpath.org/bugzilla
# The crash happened outside the Java Virtual Machine in native code.
# See problematic frame for where to report the bug.
#

---------------  T H R E A D  ---------------

Current thread (0x00007fd3b000a000):  JavaThread "main" [_thread_in_native, id=3960, stack(0x00007fd3b8fb5000,0x00007fd3b90b6000)]

siginfo:si_signo=SIGSEGV: si_errno=0, si_code=2 (SEGV_ACCERR), si_addr=0x00007fd3a9fdad8e

Registers:
RAX=0x00007fd3a9fdad85, RBX=0x00000000b98cb3c8, RCX=0x00007fd3b898ba50, RDX=0x0000000000000000
RSP=0x00007fd3b90b4888, RBP=0x00007fd3b90b48b0, RSI=0x00007fd3b01b48b0, RDI=0x00007fd3a9fdad8e
R8 =0x0000000000000000, R9 =0x00007fd3a9fdad85, R10=0x00007fd3b90b4650, R11=0x00007fd3b8a64654
R12=0x0000000000000000, R13=0x00000000b98cb3c8, R14=0x00007fd3b90b49a0, R15=0x00007fd3b000a000
RIP=0x00007fd3b898ba50, EFLAGS=0x0000000000010206, CSGSFS=0x0000000000000033, ERR=0x0000000000000007
  TRAPNO=0x000000000000000e

Top of Stack: (sp=0x00007fd3b90b4888)
0x00007fd3b90b4888:   00007fd3a9fdabdc 00007fd3b01b48b0
0x00007fd3b90b4898:   00007fd3b01b48b0 00007fd3b01b48b0
0x00007fd3b90b48a8:   00007fd3a9fdad85 00007fd3b90b4900
0x00007fd3b90b48b8:   00007fd3a9fdad40 00000003b000a000
0x00007fd3b90b48c8:   00007fd3b90b4998 00007fd3b90b49a0
0x00007fd3b90b48d8:   00007fd3b000a1d8 00000000b98cb3c8
0x00007fd3b90b48e8:   00007fd3b01b48b0 00007fd3a9fdadbf
0x00007fd3b90b48f8:   00007fd3ad012c2d 00007fd3b90b4970
0x00007fd3b90b4908:   00007fd3ad012d98 00007fd3b000ac10
0x00007fd3b90b4918:   00007fd3b000ac30 00007fd300000009
0x00007fd3b90b4928:   0000000000000000 00007fd3b90b4930
0x00007fd3b90b4938:   00000000b98cb3c8 00007fd3b90b49a0
0x00007fd3b90b4948:   00000000b98cbd40 0000000000000000
0x00007fd3b90b4958:   00000000b98cb3c8 0000000000000000
0x00007fd3b90b4968:   00007fd3b90b4990 00007fd3b90b49e8
0x00007fd3b90b4978:   00007fd3ad006233 0000000000000000
0x00007fd3b90b4988:   00007fd3ad00ecdb 0000000000000003
0x00007fd3b90b4998:   00000000ebf2a8d0 00000000ebf2a8c0
0x00007fd3b90b49a8:   00007fd3b90b49a8 00000000b98cb984
0x00007fd3b90b49b8:   00007fd3b90b4a08 00000000b98cbd40
0x00007fd3b90b49c8:   0000000000000000 00000000b98cb990
0x00007fd3b90b49d8:   00007fd3b90b4990 00007fd3b90b4a08
0x00007fd3b90b49e8:   00007fd3b90b4a70 00007fd3ad0004e7
0x00007fd3b90b49f8:   0000000000000000 00000000ebf2a8c0
0x00007fd3b90b4a08:   00000000ebf2a8b0 00007fd300001fa0
0x00007fd3b90b4a18:   00007fd3b90b4ab0 00007fd3b90b4cf0
0x00007fd3b90b4a28:   00007fd3b90b4c30 00007fd3b000a000
0x00007fd3b90b4a38:   00007fd3b000abd0 00007fd3b90b4af0
0x00007fd3b90b4a48:   00007fd3b90b4cf8 00007fd30000000a
0x00007fd3b90b4a58:   00000000b98cb990 00007fd3ad010360
0x00007fd3b90b4a68:   00007fd3b90b4c38 00007fd3b90b4b60
0x00007fd3b90b4a78:   00007fd3b7a97d19 00007fd300000001 

Instructions: (pc=0x00007fd3b898ba50)
0x00007fd3b898ba30:   20 48 83 c7 20 4c 8d 1d 18 8c 0d 00 49 63 0c 93
0x00007fd3b898ba40:   49 8d 0c 0b ff e1 66 2e 0f 1f 84 00 00 00 00 00
0x00007fd3b898ba50:   88 37 c3 66 66 66 66 2e 0f 1f 84 00 00 00 00 00
0x00007fd3b898ba60:   66 8b 16 66 89 17 c3 66 0f 1f 84 00 00 00 00 00 

Register to memory mapping:

RAX=0x00007fd3a9fdad85: <offset 0xd85> in /home/guilherme/Documentos/Segurança/ProjetoILouris2014/SSI/src/java/build/jar/libhelloc.so at 0x00007fd3a9fda000
RBX=0x00000000b98cb3c8 is an oop
{method} 
 - klass: {other class}
RCX=0x00007fd3b898ba50: <offset 0xa0a50> in /lib/x86_64-linux-gnu/libc.so.6 at 0x00007fd3b88eb000
RDX=0x0000000000000000 is an unknown value
RSP=0x00007fd3b90b4888 is pointing into the stack for thread: 0x00007fd3b000a000
RBP=0x00007fd3b90b48b0 is pointing into the stack for thread: 0x00007fd3b000a000
RSI=0x00007fd3b01b48b0 is an unknown value
RDI=0x00007fd3a9fdad8e: <offset 0xd8e> in /home/guilherme/Documentos/Segurança/ProjetoILouris2014/SSI/src/java/build/jar/libhelloc.so at 0x00007fd3a9fda000
R8 =0x0000000000000000 is an unknown value
R9 =0x00007fd3a9fdad85: <offset 0xd85> in /home/guilherme/Documentos/Segurança/ProjetoILouris2014/SSI/src/java/build/jar/libhelloc.so at 0x00007fd3a9fda000
R10=0x00007fd3b90b4650 is pointing into the stack for thread: 0x00007fd3b000a000
R11=0x00007fd3b8a64654: <offset 0x179654> in /lib/x86_64-linux-gnu/libc.so.6 at 0x00007fd3b88eb000
R12=0x0000000000000000 is an unknown value
R13=0x00000000b98cb3c8 is an oop
{method} 
 - klass: {other class}
R14=0x00007fd3b90b49a0 is pointing into the stack for thread: 0x00007fd3b000a000
R15=0x00007fd3b000a000 is a thread


Stack: [0x00007fd3b8fb5000,0x00007fd3b90b6000],  sp=0x00007fd3b90b4888,  free space=1022k
Native frames: (J=compiled Java code, j=interpreted, Vv=VM code, C=native code)
C  [libc.so.6+0xa0a50]
C  [libhelloc.so+0xd40]  Java_br_edu_ifsp_arq_cin_ads_ssi_HelloWorld_caesar_1crypt+0x9f
j  br.edu.ifsp.arq.cin.ads.ssi.HelloWorld.caesar_crypt(Ljava/lang/String;I)Ljava/lang/String;+0
j  br.edu.ifsp.arq.cin.ads.ssi.HelloWorld.main([Ljava/lang/String;)V+12
v  ~StubRoutines::call_stub
V  [libjvm.so+0x5e7d19]  JavaCalls::call_helper(JavaValue*, methodHandle*, JavaCallArguments*, Thread*)+0x339
V  [libjvm.so+0x5e77b8]  JavaCalls::call(JavaValue*, methodHandle, JavaCallArguments*, Thread*)+0x28
V  [libjvm.so+0x5f68cb]  jni_invoke_static(JNIEnv_*, JavaValue*, _jobject*, JNICallType, _jmethodID*, JNI_ArgumentPusher*, Thread*) [clone .isra.124] [clone .constprop.156]+0x28b
V  [libjvm.so+0x607b38]  jni_CallStaticVoidMethod+0x118
C  [libjli.so+0x31f9]

Java frames: (J=compiled Java code, j=interpreted, Vv=VM code)
j  br.edu.ifsp.arq.cin.ads.ssi.HelloWorld.caesar_crypt(Ljava/lang/String;I)Ljava/lang/String;+0
j  br.edu.ifsp.arq.cin.ads.ssi.HelloWorld.main([Ljava/lang/String;)V+12
v  ~StubRoutines::call_stub

---------------  P R O C E S S  ---------------

Java Threads: ( => current thread )
  0x00007fd3b016d000 JavaThread "Service Thread" daemon [_thread_blocked, id=3971, stack(0x00007fd3aa2de000,0x00007fd3aa3df000)]
  0x00007fd3b016b000 JavaThread "C2 CompilerThread1" daemon [_thread_blocked, id=3970, stack(0x00007fd3aa3df000,0x00007fd3aa4e0000)]
  0x00007fd3b0168000 JavaThread "C2 CompilerThread0" daemon [_thread_blocked, id=3969, stack(0x00007fd3aa4e0000,0x00007fd3aa5e1000)]
  0x00007fd3b0166000 JavaThread "Signal Dispatcher" daemon [_thread_blocked, id=3968, stack(0x00007fd3aa5e1000,0x00007fd3aa6e2000)]
  0x00007fd3b0143000 JavaThread "Finalizer" daemon [_thread_blocked, id=3967, stack(0x00007fd3aa9ad000,0x00007fd3aaaae000)]
  0x00007fd3b0141000 JavaThread "Reference Handler" daemon [_thread_blocked, id=3966, stack(0x00007fd3aaaae000,0x00007fd3aabaf000)]
=>0x00007fd3b000a000 JavaThread "main" [_thread_in_native, id=3960, stack(0x00007fd3b8fb5000,0x00007fd3b90b6000)]

Other Threads:
  0x00007fd3b013c800 VMThread [stack: 0x00007fd3aabaf000,0x00007fd3aacb0000] [id=3965]
  0x00007fd3b0180000 WatcherThread [stack: 0x00007fd3aa1dd000,0x00007fd3aa2de000] [id=3972]

VM state:not at safepoint (normal execution)

VM Mutex/Monitor currently owned by a thread: None

Heap
 PSYoungGen      total 18432K, used 952K [0x00000000ebe80000, 0x00000000ed300000, 0x0000000100000000)
  eden space 15872K, 6% used [0x00000000ebe80000,0x00000000ebf6e280,0x00000000ece00000)
  from space 2560K, 0% used [0x00000000ed080000,0x00000000ed080000,0x00000000ed300000)
  to   space 2560K, 0% used [0x00000000ece00000,0x00000000ece00000,0x00000000ed080000)
 ParOldGen       total 40960K, used 0K [0x00000000c3c00000, 0x00000000c6400000, 0x00000000ebe80000)
  object space 40960K, 0% used [0x00000000c3c00000,0x00000000c3c00000,0x00000000c6400000)
 PSPermGen       total 21504K, used 2866K [0x00000000b9600000, 0x00000000bab00000, 0x00000000c3c00000)
  object space 21504K, 13% used [0x00000000b9600000,0x00000000b98ccb58,0x00000000bab00000)

Card table byte_map: [0x00007fd3b59cd000,0x00007fd3b5c03000] byte_map_base: 0x00007fd3b5402000

Polling page: 0x00007fd3b90de000

Code Cache  [0x00007fd3ad000000, 0x00007fd3ad270000, 0x00007fd3b0000000)
 total_blobs=168 nmethods=0 adapters=137 free_code_cache=48773Kb largest_free_block=49943552

Compilation events (0 events):
No events

GC Heap History (0 events):
No events

Deoptimization events (0 events):
No events

Internal exceptions (5 events):
Event: 0,037 Thread 0x00007fd3b000a000 Threw 0x00000000ebe901c0 at /build/buildd/openjdk-7-7u65-2.5.1/build/openjdk/hotspot/src/share/vm/prims/jni.cpp:3995
Event: 0,075 Thread 0x00007fd3b000a000 Threw 0x00000000ebecb870 at /build/buildd/openjdk-7-7u65-2.5.1/build/openjdk/hotspot/src/share/vm/prims/jni.cpp:721
Event: 0,075 Thread 0x00007fd3b000a000 Threw 0x00000000ebecba08 at /build/buildd/openjdk-7-7u65-2.5.1/build/openjdk/hotspot/src/share/vm/prims/jvm.cpp:1247
Event: 0,075 Thread 0x00007fd3b000a000 Threw 0x00000000ebecbb30 at /build/buildd/openjdk-7-7u65-2.5.1/build/openjdk/hotspot/src/share/vm/prims/jvm.cpp:1247
Event: 0,075 Thread 0x00007fd3b000a000 Threw 0x00000000ebece230 at /build/buildd/openjdk-7-7u65-2.5.1/build/openjdk/hotspot/src/share/vm/prims/jvm.cpp:1247

Events (10 events):
Event: 0,081 loading class 0x00007fd3b0179a30
Event: 0,081 loading class 0x00007fd3b0179a30 done
Event: 0,081 loading class 0x00007fd3b0179a60
Event: 0,081 loading class 0x00007fd3b0179a60 done
Event: 0,081 loading class 0x00007fd3b51cf9b0
Event: 0,081 loading class 0x00007fd3b51cf9b0 done
Event: 0,082 loading class 0x00007fd3b51b3d40
Event: 0,082 loading class 0x00007fd3b51b3d40 done
Event: 0,082 loading class 0x00007fd3b51b4830
Event: 0,082 loading class 0x00007fd3b51b4830 done


Dynamic libraries:
00400000-00401000 r-xp 00000000 08:02 6427651                            /usr/lib/jvm/java-7-openjdk-amd64/jre/bin/java
00600000-00601000 r--p 00000000 08:02 6427651                            /usr/lib/jvm/java-7-openjdk-amd64/jre/bin/java
00601000-00602000 rw-p 00001000 08:02 6427651                            /usr/lib/jvm/java-7-openjdk-amd64/jre/bin/java
0214f000-02170000 rw-p 00000000 00:00 0                                  [heap]
b9600000-bab00000 rw-p 00000000 00:00 0 
bab00000-c3c00000 rw-p 00000000 00:00 0 
c3c00000-c6400000 rw-p 00000000 00:00 0 
c6400000-ebe80000 rw-p 00000000 00:00 0 
ebe80000-ed300000 rw-p 00000000 00:00 0 
ed300000-100000000 rw-p 00000000 00:00 0 
7fd374000000-7fd374021000 rw-p 00000000 00:00 0 
7fd374021000-7fd378000000 ---p 00000000 00:00 0 
7fd378000000-7fd378021000 rw-p 00000000 00:00 0 
7fd378021000-7fd37c000000 ---p 00000000 00:00 0 
7fd37c000000-7fd37c021000 rw-p 00000000 00:00 0 
7fd37c021000-7fd380000000 ---p 00000000 00:00 0 
7fd380000000-7fd380021000 rw-p 00000000 00:00 0 
7fd380021000-7fd384000000 ---p 00000000 00:00 0 
7fd384000000-7fd384021000 rw-p 00000000 00:00 0 
7fd384021000-7fd388000000 ---p 00000000 00:00 0 
7fd388000000-7fd388021000 rw-p 00000000 00:00 0 
7fd388021000-7fd38c000000 ---p 00000000 00:00 0 
7fd38c000000-7fd38c021000 rw-p 00000000 00:00 0 
7fd38c021000-7fd390000000 ---p 00000000 00:00 0 
7fd390000000-7fd390021000 rw-p 00000000 00:00 0 
7fd390021000-7fd394000000 ---p 00000000 00:00 0 
7fd394000000-7fd394021000 rw-p 00000000 00:00 0 
7fd394021000-7fd398000000 ---p 00000000 00:00 0 
7fd39c000000-7fd39c021000 rw-p 00000000 00:00 0 
7fd39c021000-7fd3a0000000 ---p 00000000 00:00 0 
7fd3a0000000-7fd3a0021000 rw-p 00000000 00:00 0 
7fd3a0021000-7fd3a4000000 ---p 00000000 00:00 0 
7fd3a4000000-7fd3a4021000 rw-p 00000000 00:00 0 
7fd3a4021000-7fd3a8000000 ---p 00000000 00:00 0 
7fd3a9da0000-7fd3a9fda000 rw-p 00000000 00:00 0 
7fd3a9fda000-7fd3a9fdb000 r-xp 00000000 08:02 49416932                   /home/guilherme/Documentos/Segurança/ProjetoILouris2014/SSI/src/java/build/jar/libhelloc.so
7fd3a9fdb000-7fd3aa1db000 ---p 00001000 08:02 49416932                   /home/guilherme/Documentos/Segurança/ProjetoILouris2014/SSI/src/java/build/jar/libhelloc.so
7fd3aa1db000-7fd3aa1dc000 r--p 00001000 08:02 49416932                   /home/guilherme/Documentos/Segurança/ProjetoILouris2014/SSI/src/java/build/jar/libhelloc.so
7fd3aa1dc000-7fd3aa1dd000 rw-p 00002000 08:02 49416932                   /home/guilherme/Documentos/Segurança/ProjetoILouris2014/SSI/src/java/build/jar/libhelloc.so
7fd3aa1dd000-7fd3aa1de000 ---p 00000000 00:00 0 
7fd3aa1de000-7fd3aa2de000 rw-p 00000000 00:00 0                          [stack:3972]
7fd3aa2de000-7fd3aa2e1000 ---p 00000000 00:00 0 
7fd3aa2e1000-7fd3aa3df000 rw-p 00000000 00:00 0                          [stack:3971]
7fd3aa3df000-7fd3aa3e2000 ---p 00000000 00:00 0 
7fd3aa3e2000-7fd3aa4e0000 rw-p 00000000 00:00 0                          [stack:3970]
7fd3aa4e0000-7fd3aa4e3000 ---p 00000000 00:00 0 
7fd3aa4e3000-7fd3aa5e1000 rw-p 00000000 00:00 0                          [stack:3969]
7fd3aa5e1000-7fd3aa5e4000 ---p 00000000 00:00 0 
7fd3aa5e4000-7fd3aa6e2000 rw-p 00000000 00:00 0                          [stack:3968]
7fd3aa6e2000-7fd3aa9ad000 r--p 00000000 08:02 6037376                    /usr/lib/locale/locale-archive
7fd3aa9ad000-7fd3aa9b0000 ---p 00000000 00:00 0 
7fd3aa9b0000-7fd3aaaae000 rw-p 00000000 00:00 0                          [stack:3967]
7fd3aaaae000-7fd3aaab1000 ---p 00000000 00:00 0 
7fd3aaab1000-7fd3aabaf000 rw-p 00000000 00:00 0                          [stack:3966]
7fd3aabaf000-7fd3aabb0000 ---p 00000000 00:00 0 
7fd3aabb0000-7fd3ad000000 rw-p 00000000 00:00 0                          [stack:3965]
7fd3ad000000-7fd3ad270000 rwxp 00000000 00:00 0 
7fd3ad270000-7fd3b01e6000 rw-p 00000000 00:00 0 
7fd3b01e6000-7fd3b4000000 ---p 00000000 00:00 0 
7fd3b4024000-7fd3b4f7d000 rw-p 00000000 00:00 0 
7fd3b4f7d000-7fd3b512e000 r--s 01d21000 08:02 6427638                    /usr/lib/jvm/java-7-openjdk-amd64/jre/lib/rt.jar
7fd3b512e000-7fd3b5434000 rw-p 00000000 00:00 0 
7fd3b5434000-7fd3b5435000 ---p 00000000 00:00 0 
7fd3b5435000-7fd3b5535000 rw-p 00000000 00:00 0                          [stack:3964]
7fd3b5535000-7fd3b5536000 ---p 00000000 00:00 0 
7fd3b5536000-7fd3b5636000 rw-p 00000000 00:00 0                          [stack:3963]
7fd3b5636000-7fd3b5637000 ---p 00000000 00:00 0 
7fd3b5637000-7fd3b5737000 rw-p 00000000 00:00 0                          [stack:3962]
7fd3b5737000-7fd3b5738000 ---p 00000000 00:00 0 
7fd3b5738000-7fd3b5843000 rw-p 00000000 00:00 0                          [stack:3961]
7fd3b5843000-7fd3b588b000 rw-p 00000000 00:00 0 
7fd3b588b000-7fd3b589f000 rw-p 00000000 00:00 0 
7fd3b589f000-7fd3b59cd000 rw-p 00000000 00:00 0 
7fd3b59cd000-7fd3b59d8000 rw-p 00000000 00:00 0 
7fd3b59d8000-7fd3b5a20000 rw-p 00000000 00:00 0 
7fd3b5a20000-7fd3b5a34000 rw-p 00000000 00:00 0 
7fd3b5a34000-7fd3b5b61000 rw-p 00000000 00:00 0 
7fd3b5b61000-7fd3b5b6c000 rw-p 00000000 00:00 0 
7fd3b5b6c000-7fd3b5c02000 rw-p 00000000 00:00 0 
7fd3b5c02000-7fd3b5c03000 rw-p 00000000 00:00 0 
7fd3b5c03000-7fd3b5c0b000 r-xp 00000000 08:02 6427496                    /usr/lib/jvm/java-7-openjdk-amd64/jre/lib/amd64/libzip.so
7fd3b5c0b000-7fd3b5e0a000 ---p 00008000 08:02 6427496                    /usr/lib/jvm/java-7-openjdk-amd64/jre/lib/amd64/libzip.so
7fd3b5e0a000-7fd3b5e0b000 r--p 00007000 08:02 6427496                    /usr/lib/jvm/java-7-openjdk-amd64/jre/lib/amd64/libzip.so
7fd3b5e0b000-7fd3b5e0c000 rw-p 00008000 08:02 6427496                    /usr/lib/jvm/java-7-openjdk-amd64/jre/lib/amd64/libzip.so
7fd3b5e0c000-7fd3b5e17000 r-xp 00000000 08:02 9961654                    /lib/x86_64-linux-gnu/libnss_files-2.19.so
7fd3b5e17000-7fd3b6016000 ---p 0000b000 08:02 9961654                    /lib/x86_64-linux-gnu/libnss_files-2.19.so
7fd3b6016000-7fd3b6017000 r--p 0000a000 08:02 9961654                    /lib/x86_64-linux-gnu/libnss_files-2.19.so
7fd3b6017000-7fd3b6018000 rw-p 0000b000 08:02 9961654                    /lib/x86_64-linux-gnu/libnss_files-2.19.so
7fd3b6018000-7fd3b6023000 r-xp 00000000 08:02 9961655                    /lib/x86_64-linux-gnu/libnss_nis-2.19.so
7fd3b6023000-7fd3b6222000 ---p 0000b000 08:02 9961655                    /lib/x86_64-linux-gnu/libnss_nis-2.19.so
7fd3b6222000-7fd3b6223000 r--p 0000a000 08:02 9961655                    /lib/x86_64-linux-gnu/libnss_nis-2.19.so
7fd3b6223000-7fd3b6224000 rw-p 0000b000 08:02 9961655                    /lib/x86_64-linux-gnu/libnss_nis-2.19.so
7fd3b6224000-7fd3b623b000 r-xp 00000000 08:02 9961641                    /lib/x86_64-linux-gnu/libnsl-2.19.so
7fd3b623b000-7fd3b643a000 ---p 00017000 08:02 9961641                    /lib/x86_64-linux-gnu/libnsl-2.19.so
7fd3b643a000-7fd3b643b000 r--p 00016000 08:02 9961641                    /lib/x86_64-linux-gnu/libnsl-2.19.so
7fd3b643b000-7fd3b643c000 rw-p 00017000 08:02 9961641                    /lib/x86_64-linux-gnu/libnsl-2.19.so
7fd3b643c000-7fd3b643e000 rw-p 00000000 00:00 0 
7fd3b643e000-7fd3b6447000 r-xp 00000000 08:02 9961638                    /lib/x86_64-linux-gnu/libnss_compat-2.19.so
7fd3b6447000-7fd3b6646000 ---p 00009000 08:02 9961638                    /lib/x86_64-linux-gnu/libnss_compat-2.19.so
7fd3b6646000-7fd3b6647000 r--p 00008000 08:02 9961638                    /lib/x86_64-linux-gnu/libnss_compat-2.19.so
7fd3b6647000-7fd3b6648000 rw-p 00009000 08:02 9961638                    /lib/x86_64-linux-gnu/libnss_compat-2.19.so
7fd3b6648000-7fd3b6673000 r-xp 00000000 08:02 6427492                    /usr/lib/jvm/java-7-openjdk-amd64/jre/lib/amd64/libjava.so
7fd3b6673000-7fd3b6873000 ---p 0002b000 08:02 6427492                    /usr/lib/jvm/java-7-openjdk-amd64/jre/lib/amd64/libjava.so
7fd3b6873000-7fd3b6874000 r--p 0002b000 08:02 6427492                    /usr/lib/jvm/java-7-openjdk-amd64/jre/lib/amd64/libjava.so
7fd3b6874000-7fd3b6876000 rw-p 0002c000 08:02 6427492                    /usr/lib/jvm/java-7-openjdk-amd64/jre/lib/amd64/libjava.so
7fd3b6876000-7fd3b6886000 r-xp 00000000 08:02 6427589                    /usr/lib/jvm/java-7-openjdk-amd64/jre/lib/amd64/libverify.so
7fd3b6886000-7fd3b6a85000 ---p 00010000 08:02 6427589                    /usr/lib/jvm/java-7-openjdk-amd64/jre/lib/amd64/libverify.so
7fd3b6a85000-7fd3b6a87000 r--p 0000f000 08:02 6427589                    /usr/lib/jvm/java-7-openjdk-amd64/jre/lib/amd64/libverify.so
7fd3b6a87000-7fd3b6a88000 rw-p 00011000 08:02 6427589                    /usr/lib/jvm/java-7-openjdk-amd64/jre/lib/amd64/libverify.so
7fd3b6a88000-7fd3b6a8f000 r-xp 00000000 08:02 9961643                    /lib/x86_64-linux-gnu/librt-2.19.so
7fd3b6a8f000-7fd3b6c8e000 ---p 00007000 08:02 9961643                    /lib/x86_64-linux-gnu/librt-2.19.so
7fd3b6c8e000-7fd3b6c8f000 r--p 00006000 08:02 9961643                    /lib/x86_64-linux-gnu/librt-2.19.so
7fd3b6c8f000-7fd3b6c90000 rw-p 00007000 08:02 9961643                    /lib/x86_64-linux-gnu/librt-2.19.so
7fd3b6c90000-7fd3b6ca6000 r-xp 00000000 08:02 9961724                    /lib/x86_64-linux-gnu/libgcc_s.so.1
7fd3b6ca6000-7fd3b6ea5000 ---p 00016000 08:02 9961724                    /lib/x86_64-linux-gnu/libgcc_s.so.1
7fd3b6ea5000-7fd3b6ea6000 rw-p 00015000 08:02 9961724                    /lib/x86_64-linux-gnu/libgcc_s.so.1
7fd3b6ea6000-7fd3b6fab000 r-xp 00000000 08:02 9961650                    /lib/x86_64-linux-gnu/libm-2.19.so
7fd3b6fab000-7fd3b71aa000 ---p 00105000 08:02 9961650                    /lib/x86_64-linux-gnu/libm-2.19.so
7fd3b71aa000-7fd3b71ab000 r--p 00104000 08:02 9961650                    /lib/x86_64-linux-gnu/libm-2.19.so
7fd3b71ab000-7fd3b71ac000 rw-p 00105000 08:02 9961650                    /lib/x86_64-linux-gnu/libm-2.19.so
7fd3b71ac000-7fd3b7292000 r-xp 00000000 08:02 6039788                    /usr/lib/x86_64-linux-gnu/libstdc++.so.6.0.19
7fd3b7292000-7fd3b7491000 ---p 000e6000 08:02 6039788                    /usr/lib/x86_64-linux-gnu/libstdc++.so.6.0.19
7fd3b7491000-7fd3b7499000 r--p 000e5000 08:02 6039788                    /usr/lib/x86_64-linux-gnu/libstdc++.so.6.0.19
7fd3b7499000-7fd3b749b000 rw-p 000ed000 08:02 6039788                    /usr/lib/x86_64-linux-gnu/libstdc++.so.6.0.19
7fd3b749b000-7fd3b74b0000 rw-p 00000000 00:00 0 
7fd3b74b0000-7fd3b7fc6000 r-xp 00000000 08:02 6427602                    /usr/lib/jvm/java-7-openjdk-amd64/jre/lib/amd64/server/libjvm.so
7fd3b7fc6000-7fd3b81c5000 ---p 00b16000 08:02 6427602                    /usr/lib/jvm/java-7-openjdk-amd64/jre/lib/amd64/server/libjvm.so
7fd3b81c5000-7fd3b825f000 r--p 00b15000 08:02 6427602                    /usr/lib/jvm/java-7-openjdk-amd64/jre/lib/amd64/server/libjvm.so
7fd3b825f000-7fd3b8282000 rw-p 00baf000 08:02 6427602                    /usr/lib/jvm/java-7-openjdk-amd64/jre/lib/amd64/server/libjvm.so
7fd3b8282000-7fd3b82b0000 rw-p 00000000 00:00 0 
7fd3b82b0000-7fd3b82c8000 r-xp 00000000 08:02 9965564                    /lib/x86_64-linux-gnu/libz.so.1.2.8
7fd3b82c8000-7fd3b84c7000 ---p 00018000 08:02 9965564                    /lib/x86_64-linux-gnu/libz.so.1.2.8
7fd3b84c7000-7fd3b84c8000 r--p 00017000 08:02 9965564                    /lib/x86_64-linux-gnu/libz.so.1.2.8
7fd3b84c8000-7fd3b84c9000 rw-p 00018000 08:02 9965564                    /lib/x86_64-linux-gnu/libz.so.1.2.8
7fd3b84c9000-7fd3b84e2000 r-xp 00000000 08:02 9961660                    /lib/x86_64-linux-gnu/libpthread-2.19.so
7fd3b84e2000-7fd3b86e1000 ---p 00019000 08:02 9961660                    /lib/x86_64-linux-gnu/libpthread-2.19.so
7fd3b86e1000-7fd3b86e2000 r--p 00018000 08:02 9961660                    /lib/x86_64-linux-gnu/libpthread-2.19.so
7fd3b86e2000-7fd3b86e3000 rw-p 00019000 08:02 9961660                    /lib/x86_64-linux-gnu/libpthread-2.19.so
7fd3b86e3000-7fd3b86e7000 rw-p 00000000 00:00 0 
7fd3b86e7000-7fd3b86ea000 r-xp 00000000 08:02 9961659                    /lib/x86_64-linux-gnu/libdl-2.19.so
7fd3b86ea000-7fd3b88e9000 ---p 00003000 08:02 9961659                    /lib/x86_64-linux-gnu/libdl-2.19.so
7fd3b88e9000-7fd3b88ea000 r--p 00002000 08:02 9961659                    /lib/x86_64-linux-gnu/libdl-2.19.so
7fd3b88ea000-7fd3b88eb000 rw-p 00003000 08:02 9961659                    /lib/x86_64-linux-gnu/libdl-2.19.so
7fd3b88eb000-7fd3b8aa6000 r-xp 00000000 08:02 9961647                    /lib/x86_64-linux-gnu/libc-2.19.so
7fd3b8aa6000-7fd3b8ca6000 ---p 001bb000 08:02 9961647                    /lib/x86_64-linux-gnu/libc-2.19.so
7fd3b8ca6000-7fd3b8caa000 r--p 001bb000 08:02 9961647                    /lib/x86_64-linux-gnu/libc-2.19.so
7fd3b8caa000-7fd3b8cac000 rw-p 001bf000 08:02 9961647                    /lib/x86_64-linux-gnu/libc-2.19.so
7fd3b8cac000-7fd3b8cb1000 rw-p 00000000 00:00 0 
7fd3b8cb1000-7fd3b8cbe000 r-xp 00000000 08:02 6427607                    /usr/lib/jvm/java-7-openjdk-amd64/jre/lib/amd64/jli/libjli.so
7fd3b8cbe000-7fd3b8ebd000 ---p 0000d000 08:02 6427607                    /usr/lib/jvm/java-7-openjdk-amd64/jre/lib/amd64/jli/libjli.so
7fd3b8ebd000-7fd3b8ebe000 r--p 0000c000 08:02 6427607                    /usr/lib/jvm/java-7-openjdk-amd64/jre/lib/amd64/jli/libjli.so
7fd3b8ebe000-7fd3b8ebf000 rw-p 0000d000 08:02 6427607                    /usr/lib/jvm/java-7-openjdk-amd64/jre/lib/amd64/jli/libjli.so
7fd3b8ebf000-7fd3b8ee2000 r-xp 00000000 08:02 9961648                    /lib/x86_64-linux-gnu/ld-2.19.so
7fd3b8ee2000-7fd3b8ee5000 rw-p 00000000 00:00 0 
7fd3b8ee5000-7fd3b8ee6000 r--s 00000000 08:02 49416933                   /home/guilherme/Documentos/Segurança/ProjetoILouris2014/SSI/src/java/build/jar/HelloWorld.jar
7fd3b8ee6000-7fd3b8ee8000 r--s 00012000 08:02 6427619                    /usr/lib/jvm/java-7-openjdk-amd64/jre/lib/ext/zipfs.jar
7fd3b8ee8000-7fd3b8eeb000 r--s 00032000 08:02 6427620                    /usr/lib/jvm/java-7-openjdk-amd64/jre/lib/ext/sunjce_provider.jar
7fd3b8eeb000-7fd3b8eec000 r--s 00002000 08:02 6427621                    /usr/lib/jvm/java-7-openjdk-amd64/jre/lib/ext/dnsns.jar
7fd3b8eec000-7fd3b8eee000 r--s 00006000 08:02 6557894                    /usr/share/java/java-atk-wrapper.jar
7fd3b8eee000-7fd3b8ef1000 r--s 0003c000 08:02 6427622                    /usr/lib/jvm/java-7-openjdk-amd64/jre/lib/ext/sunpkcs11.jar
7fd3b8ef1000-7fd3b8ef5000 r--s 00085000 08:02 6427617                    /usr/lib/jvm/java-7-openjdk-amd64/jre/lib/ext/localedata.jar
7fd3b8ef5000-7fd3b8eff000 rw-p 00000000 00:00 0 
7fd3b8eff000-7fd3b8fb5000 rw-p 00000000 00:00 0 
7fd3b8fb5000-7fd3b8fb8000 ---p 00000000 00:00 0 
7fd3b8fb8000-7fd3b90bb000 rw-p 00000000 00:00 0                          [stack:3960]
7fd3b90bb000-7fd3b90be000 r--s 0000f000 08:02 6427618                    /usr/lib/jvm/java-7-openjdk-amd64/jre/lib/ext/pulse-java.jar
7fd3b90be000-7fd3b90d5000 rw-p 00000000 00:00 0 
7fd3b90d5000-7fd3b90dd000 rw-s 00000000 08:02 11275621                   /tmp/hsperfdata_guilherme/3956
7fd3b90dd000-7fd3b90de000 rw-p 00000000 00:00 0 
7fd3b90de000-7fd3b90df000 r--p 00000000 00:00 0 
7fd3b90df000-7fd3b90e1000 rw-p 00000000 00:00 0 
7fd3b90e1000-7fd3b90e2000 r--p 00022000 08:02 9961648                    /lib/x86_64-linux-gnu/ld-2.19.so
7fd3b90e2000-7fd3b90e3000 rw-p 00023000 08:02 9961648                    /lib/x86_64-linux-gnu/ld-2.19.so
7fd3b90e3000-7fd3b90e4000 rw-p 00000000 00:00 0 
7ffff4065000-7ffff4086000 rw-p 00000000 00:00 0                          [stack]
7ffff41c6000-7ffff41c8000 r-xp 00000000 00:00 0                          [vdso]
ffffffffff600000-ffffffffff601000 r-xp 00000000 00:00 0                  [vsyscall]

VM Arguments:
jvm_args: -Djava.library.path=/home/guilherme/Documentos/Segurança/ProjetoILouris2014/SSI/src/java/build/jar 
java_command: /home/guilherme/Documentos/Segurança/ProjetoILouris2014/SSI/src/java/build/jar/HelloWorld.jar
Launcher Type: SUN_STANDARD

Environment Variables:
PATH=/usr/local/heroku/bin:/usr/local/sbin:/usr/local/bin:/usr/sbin:/usr/bin:/sbin:/bin:/usr/games:/usr/local/games
SHELL=/bin/bash
DISPLAY=:0.0

Signal Handlers:
SIGSEGV: [libjvm.so+0x949110], sa_mask[0]=0x7ffbfeff, sa_flags=0x10000004
SIGBUS: [libjvm.so+0x949110], sa_mask[0]=0x7ffbfeff, sa_flags=0x10000004
SIGFPE: [libjvm.so+0x7c2e80], sa_mask[0]=0x7ffbfeff, sa_flags=0x10000004
SIGPIPE: [libjvm.so+0x7c2e80], sa_mask[0]=0x7ffbfeff, sa_flags=0x10000004
SIGXFSZ: [libjvm.so+0x7c2e80], sa_mask[0]=0x7ffbfeff, sa_flags=0x10000004
SIGILL: [libjvm.so+0x7c2e80], sa_mask[0]=0x7ffbfeff, sa_flags=0x10000004
SIGUSR1: SIG_DFL, sa_mask[0]=0x00000000, sa_flags=0x00000000
SIGUSR2: [libjvm.so+0x7c2d20], sa_mask[0]=0x00000004, sa_flags=0x10000004
SIGHUP: [libjvm.so+0x7c2f00], sa_mask[0]=0x7ffbfeff, sa_flags=0x10000004
SIGINT: [libjvm.so+0x7c2f00], sa_mask[0]=0x7ffbfeff, sa_flags=0x10000004
SIGTERM: [libjvm.so+0x7c2f00], sa_mask[0]=0x7ffbfeff, sa_flags=0x10000004
SIGQUIT: [libjvm.so+0x7c2f00], sa_mask[0]=0x7ffbfeff, sa_flags=0x10000004
SIGTRAP: SIG_DFL, sa_mask[0]=0x00000000, sa_flags=0x00000000


---------------  S Y S T E M  ---------------

OS:Ubuntu 14.04 (trusty)
uname:Linux 3.13.0-32-lowlatency #57-Ubuntu SMP PREEMPT Tue Jul 15 04:08:59 UTC 2014 x86_64
libc:glibc 2.19 NPTL 2.19 
rlimit: STACK 8192k, CORE 0k, NPROC 30663, NOFILE 4096, AS infinity
load average:0,03 0,35 0,43

/proc/meminfo:
MemTotal:        3946480 kB
MemFree:         1186068 kB
Buffers:          127772 kB
Cached:           795520 kB
SwapCached:            0 kB
Active:          1912216 kB
Inactive:         674780 kB
Active(anon):    1666068 kB
Inactive(anon):    71772 kB
Active(file):     246148 kB
Inactive(file):   603008 kB
Unevictable:          32 kB
Mlocked:              32 kB
SwapTotal:       4086780 kB
SwapFree:        4086780 kB
Dirty:                20 kB
Writeback:             0 kB
AnonPages:       1663720 kB
Mapped:           195804 kB
Shmem:             74140 kB
Slab:              91976 kB
SReclaimable:      63892 kB
SUnreclaim:        28084 kB
KernelStack:        3712 kB
PageTables:        28024 kB
NFS_Unstable:          0 kB
Bounce:                0 kB
WritebackTmp:          0 kB
CommitLimit:     6060020 kB
Committed_AS:    4041428 kB
VmallocTotal:   34359738367 kB
VmallocUsed:      348884 kB
VmallocChunk:   34359380444 kB
HardwareCorrupted:     0 kB
AnonHugePages:   1071104 kB
HugePages_Total:       0
HugePages_Free:        0
HugePages_Rsvd:        0
HugePages_Surp:        0
Hugepagesize:       2048 kB
DirectMap4k:      101624 kB
DirectMap2M:     3991552 kB


CPU:total 4 (2 cores per cpu, 2 threads per core) family 6 model 58 stepping 9, cmov, cx8, fxsr, mmx, sse, sse2, sse3, ssse3, sse4.1, sse4.2, popcnt, avx, aes, erms, ht, tsc, tscinvbit, tscinv

/proc/cpuinfo:
processor	: 0
vendor_id	: GenuineIntel
cpu family	: 6
model		: 58
model name	: Intel(R) Core(TM) i5-3230M CPU @ 2.60GHz
stepping	: 9
microcode	: 0x15
cpu MHz		: 2601.000
cache size	: 3072 KB
physical id	: 0
siblings	: 4
core id		: 0
cpu cores	: 2
apicid		: 0
initial apicid	: 0
fpu		: yes
fpu_exception	: yes
cpuid level	: 13
wp		: yes
flags		: fpu vme de pse tsc msr pae mce cx8 apic sep mtrr pge mca cmov pat pse36 clflush dts acpi mmx fxsr sse sse2 ss ht tm pbe syscall nx rdtscp lm constant_tsc arch_perfmon pebs bts rep_good nopl xtopology nonstop_tsc aperfmperf eagerfpu pni pclmulqdq dtes64 monitor ds_cpl vmx est tm2 ssse3 cx16 xtpr pdcm pcid sse4_1 sse4_2 x2apic popcnt tsc_deadline_timer aes xsave avx f16c rdrand lahf_lm ida arat epb xsaveopt pln pts dtherm tpr_shadow vnmi flexpriority ept vpid fsgsbase smep erms
bogomips	: 5188.09
clflush size	: 64
cache_alignment	: 64
address sizes	: 36 bits physical, 48 bits virtual
power management:

processor	: 1
vendor_id	: GenuineIntel
cpu family	: 6
model		: 58
model name	: Intel(R) Core(TM) i5-3230M CPU @ 2.60GHz
stepping	: 9
microcode	: 0x15
cpu MHz		: 1200.000
cache size	: 3072 KB
physical id	: 0
siblings	: 4
core id		: 0
cpu cores	: 2
apicid		: 1
initial apicid	: 1
fpu		: yes
fpu_exception	: yes
cpuid level	: 13
wp		: yes
flags		: fpu vme de pse tsc msr pae mce cx8 apic sep mtrr pge mca cmov pat pse36 clflush dts acpi mmx fxsr sse sse2 ss ht tm pbe syscall nx rdtscp lm constant_tsc arch_perfmon pebs bts rep_good nopl xtopology nonstop_tsc aperfmperf eagerfpu pni pclmulqdq dtes64 monitor ds_cpl vmx est tm2 ssse3 cx16 xtpr pdcm pcid sse4_1 sse4_2 x2apic popcnt tsc_deadline_timer aes xsave avx f16c rdrand lahf_lm ida arat epb xsaveopt pln pts dtherm tpr_shadow vnmi flexpriority ept vpid fsgsbase smep erms
bogomips	: 5188.09
clflush size	: 64
cache_alignment	: 64
address sizes	: 36 bits physical, 48 bits virtual
power management:

processor	: 2
vendor_id	: GenuineIntel
cpu family	: 6
model		: 58
model name	: Intel(R) Core(TM) i5-3230M CPU @ 2.60GHz
stepping	: 9
microcode	: 0x15
cpu MHz		: 2601.000
cache size	: 3072 KB
physical id	: 0
siblings	: 4
core id		: 1
cpu cores	: 2
apicid		: 2
initial apicid	: 2
fpu		: yes
fpu_exception	: yes
cpuid level	: 13
wp		: yes
flags		: fpu vme de pse tsc msr pae mce cx8 apic sep mtrr pge mca cmov pat pse36 clflush dts acpi mmx fxsr sse sse2 ss ht tm pbe syscall nx rdtscp lm constant_tsc arch_perfmon pebs bts rep_good nopl xtopology nonstop_tsc aperfmperf eagerfpu pni pclmulqdq dtes64 monitor ds_cpl vmx est tm2 ssse3 cx16 xtpr pdcm pcid sse4_1 sse4_2 x2apic popcnt tsc_deadline_timer aes xsave avx f16c rdrand lahf_lm ida arat epb xsaveopt pln pts dtherm tpr_shadow vnmi flexpriority ept vpid fsgsbase smep erms
bogomips	: 5188.09
clflush size	: 64
cache_alignment	: 64
address sizes	: 36 bits physical, 48 bits virtual
power management:

processor	: 3
vendor_id	: GenuineIntel
cpu family	: 6
model		: 58
model name	: Intel(R) Core(TM) i5-3230M CPU @ 2.60GHz
stepping	: 9
microcode	: 0x15
cpu MHz		: 1200.000
cache size	: 3072 KB
physical id	: 0
siblings	: 4
core id		: 1
cpu cores	: 2
apicid		: 3
initial apicid	: 3
fpu		: yes
fpu_exception	: yes
cpuid level	: 13
wp		: yes
flags		: fpu vme de pse tsc msr pae mce cx8 apic sep mtrr pge mca cmov pat pse36 clflush dts acpi mmx fxsr sse sse2 ss ht tm pbe syscall nx rdtscp lm constant_tsc arch_perfmon pebs bts rep_good nopl xtopology nonstop_tsc aperfmperf eagerfpu pni pclmulqdq dtes64 monitor ds_cpl vmx est tm2 ssse3 cx16 xtpr pdcm pcid sse4_1 sse4_2 x2apic popcnt tsc_deadline_timer aes xsave avx f16c rdrand lahf_lm ida arat epb xsaveopt pln pts dtherm tpr_shadow vnmi flexpriority ept vpid fsgsbase smep erms
bogomips	: 5188.09
clflush size	: 64
cache_alignment	: 64
address sizes	: 36 bits physical, 48 bits virtual
power management:



Memory: 4k page, physical 3946480k(1186068k free), swap 4086780k(4086780k free)

vm_info: OpenJDK 64-Bit Server VM (24.65-b04) for linux-amd64 JRE (1.7.0_65-b32), built on Aug 23 2014 13:33:31 by "buildd" with gcc 4.8.2

time: Fri Oct 31 09:07:14 2014
elapsed time: 0 seconds

